2024-05-04T23:05:25.786801-0300 INFO Chamando função 'pipeline_calcular_kpi_de_vendas_consolidado' com args ('data', ['csv', 'parquet']) e kwargs {} utills.py
2024-05-04T23:05:25.786801-0300 INFO Chamando função 'extrair_dados_e_consolidar' com args ('data',) e kwargs {} utills.py
2024-05-04T23:05:25.803306-0300 INFO Função 'extrair_dados_e_consolidar' retornou             Produto    Categoria  Quantidade  Venda        Data
0    Notebook Gamer  Eletrônicos           3   1500  2023-01-15
1     Mouse Sem Fio  Eletrônicos          10     30  2023-01-15
2  Teclado Mecânico  Eletrônicos           5    100  2023-01-15
3    Notebook Gamer  Eletrônicos           7   1500  2023-01-16
4     Mouse Sem Fio  Eletrônicos          10     30  2023-01-16
5  Teclado Mecânico  Eletrônicos           3    100  2023-01-16
6    Notebook Gamer  Eletrônicos           2   1500  2023-01-17
7     Mouse Sem Fio  Eletrônicos          14     30  2023-01-17
8  Teclado Mecânico  Eletrônicos           2    100  2023-01-17 utills.py
2024-05-04T23:05:25.817834-0300 INFO Chamando função 'calcular_kpi_de_total_de_vendas' com args (            Produto    Categoria  Quantidade  Venda        Data
0    Notebook Gamer  Eletrônicos           3   1500  2023-01-15
1     Mouse Sem Fio  Eletrônicos          10     30  2023-01-15
2  Teclado Mecânico  Eletrônicos           5    100  2023-01-15
3    Notebook Gamer  Eletrônicos           7   1500  2023-01-16
4     Mouse Sem Fio  Eletrônicos          10     30  2023-01-16
5  Teclado Mecânico  Eletrônicos           3    100  2023-01-16
6    Notebook Gamer  Eletrônicos           2   1500  2023-01-17
7     Mouse Sem Fio  Eletrônicos          14     30  2023-01-17
8  Teclado Mecânico  Eletrônicos           2    100  2023-01-17,) e kwargs {} utills.py
2024-05-04T23:05:25.826698-0300 INFO Função 'calcular_kpi_de_total_de_vendas' retornou             Produto    Categoria  Quantidade  Venda        Data  Total
0    Notebook Gamer  Eletrônicos           3   1500  2023-01-15   4500
1     Mouse Sem Fio  Eletrônicos          10     30  2023-01-15    300
2  Teclado Mecânico  Eletrônicos           5    100  2023-01-15    500
3    Notebook Gamer  Eletrônicos           7   1500  2023-01-16  10500
4     Mouse Sem Fio  Eletrônicos          10     30  2023-01-16    300
5  Teclado Mecânico  Eletrônicos           3    100  2023-01-16    300
6    Notebook Gamer  Eletrônicos           2   1500  2023-01-17   3000
7     Mouse Sem Fio  Eletrônicos          14     30  2023-01-17    420
8  Teclado Mecânico  Eletrônicos           2    100  2023-01-17    200 utills.py
2024-05-04T23:05:25.833090-0300 INFO Chamando função 'carregar_dados' com args (            Produto    Categoria  Quantidade  Venda        Data  Total
0    Notebook Gamer  Eletrônicos           3   1500  2023-01-15   4500
1     Mouse Sem Fio  Eletrônicos          10     30  2023-01-15    300
2  Teclado Mecânico  Eletrônicos           5    100  2023-01-15    500
3    Notebook Gamer  Eletrônicos           7   1500  2023-01-16  10500
4     Mouse Sem Fio  Eletrônicos          10     30  2023-01-16    300
5  Teclado Mecânico  Eletrônicos           3    100  2023-01-16    300
6    Notebook Gamer  Eletrônicos           2   1500  2023-01-17   3000
7     Mouse Sem Fio  Eletrônicos          14     30  2023-01-17    420
8  Teclado Mecânico  Eletrônicos           2    100  2023-01-17    200, ['csv', 'parquet']) e kwargs {} utills.py
2024-05-04T23:05:25.837048-0300 ERROR Exceção capturada em 'carregar_dados': Unable to find a usable engine; tried using: 'pyarrow', 'fastparquet'.
A suitable version of pyarrow or fastparquet is required for parquet support.
Trying to import the above resulted in these errors:
 - Missing optional dependency 'pyarrow'. pyarrow is required for parquet support. Use pip or conda to install pyarrow.
 - Missing optional dependency 'fastparquet'. fastparquet is required for parquet support. Use pip or conda to install fastparquet. utills.py
Traceback (most recent call last):

  File "C:\Users\mavin\jornada\aula09_bootcamp\pipeline.py", line 6, in <module>
    pipeline_calcular_kpi_de_vendas_consolidado(pasta_argumento, formato_de_saida)
    │                                           │                └ ['csv', 'parquet']
    │                                           └ 'data'
    └ <function pipeline_calcular_kpi_de_vendas_consolidado at 0x00000207530727A0>

  File "C:\Users\mavin\jornada\aula09_bootcamp\utills.py", line 24, in wrapper
    result = func(*args, **kwargs)
             │     │       └ {}
             │     └ ('data', ['csv', 'parquet'])
             └ <function pipeline_calcular_kpi_de_vendas_consolidado at 0x0000020753072700>

  File "C:\Users\mavin\jornada\aula09_bootcamp\etl.py", line 35, in pipeline_calcular_kpi_de_vendas_consolidado
    carregar_dados(data_frame_calculado, formato_de_saida)
    │              │                     └ ['csv', 'parquet']
    │              └             Produto    Categoria  Quantidade  Venda        Data  Total
    │                0    Notebook Gamer  Eletrônicos           3   1500  2...
    └ <function carregar_dados at 0x0000020753072660>

> File "C:\Users\mavin\jornada\aula09_bootcamp\utills.py", line 24, in wrapper
    result = func(*args, **kwargs)
             │     │       └ {}
             │     └ (            Produto    Categoria  Quantidade  Venda        Data  Total
             │       0    Notebook Gamer  Eletrônicos           3   1500  ...
             └ <function carregar_dados at 0x000002075305B4C0>

  File "C:\Users\mavin\jornada\aula09_bootcamp\etl.py", line 29, in carregar_dados
    df.to_parquet("dados.parquet", index=False)
    │  └ <function DataFrame.to_parquet at 0x0000020751AD47C0>
    └             Produto    Categoria  Quantidade  Venda        Data  Total
      0    Notebook Gamer  Eletrônicos           3   1500  2...

  File "C:\Users\mavin\jornada\aula09_bootcamp\.venv\Lib\site-packages\pandas\util\_decorators.py", line 333, in wrapper
    return func(*args, **kwargs)
           │     │       └ {'index': False}
           │     └ (            Produto    Categoria  Quantidade  Venda        Data  Total
           │       0    Notebook Gamer  Eletrônicos           3   1500  ...
           └ <function DataFrame.to_parquet at 0x0000020751AD4680>
  File "C:\Users\mavin\jornada\aula09_bootcamp\.venv\Lib\site-packages\pandas\core\frame.py", line 3113, in to_parquet
    return to_parquet(
           └ <function to_parquet at 0x0000020751D4C720>
  File "C:\Users\mavin\jornada\aula09_bootcamp\.venv\Lib\site-packages\pandas\io\parquet.py", line 476, in to_parquet
    impl = get_engine(engine)
           │          └ 'auto'
           └ <function get_engine at 0x0000020751D25800>
  File "C:\Users\mavin\jornada\aula09_bootcamp\.venv\Lib\site-packages\pandas\io\parquet.py", line 67, in get_engine
    raise ImportError(

ImportError: Unable to find a usable engine; tried using: 'pyarrow', 'fastparquet'.
A suitable version of pyarrow or fastparquet is required for parquet support.
Trying to import the above resulted in these errors:
 - Missing optional dependency 'pyarrow'. pyarrow is required for parquet support. Use pip or conda to install pyarrow.
 - Missing optional dependency 'fastparquet'. fastparquet is required for parquet support. Use pip or conda to install fastparquet.
2024-05-04T23:05:25.878670-0300 ERROR Exceção capturada em 'pipeline_calcular_kpi_de_vendas_consolidado': Unable to find a usable engine; tried using: 'pyarrow', 'fastparquet'.
A suitable version of pyarrow or fastparquet is required for parquet support.
Trying to import the above resulted in these errors:
 - Missing optional dependency 'pyarrow'. pyarrow is required for parquet support. Use pip or conda to install pyarrow.
 - Missing optional dependency 'fastparquet'. fastparquet is required for parquet support. Use pip or conda to install fastparquet. utills.py
Traceback (most recent call last):

  File "C:\Users\mavin\jornada\aula09_bootcamp\pipeline.py", line 6, in <module>
    pipeline_calcular_kpi_de_vendas_consolidado(pasta_argumento, formato_de_saida)
    │                                           │                └ ['csv', 'parquet']
    │                                           └ 'data'
    └ <function pipeline_calcular_kpi_de_vendas_consolidado at 0x00000207530727A0>

> File "C:\Users\mavin\jornada\aula09_bootcamp\utills.py", line 24, in wrapper
    result = func(*args, **kwargs)
             │     │       └ {}
             │     └ ('data', ['csv', 'parquet'])
             └ <function pipeline_calcular_kpi_de_vendas_consolidado at 0x0000020753072700>

  File "C:\Users\mavin\jornada\aula09_bootcamp\etl.py", line 35, in pipeline_calcular_kpi_de_vendas_consolidado
    carregar_dados(data_frame_calculado, formato_de_saida)
    │              │                     └ ['csv', 'parquet']
    │              └             Produto    Categoria  Quantidade  Venda        Data  Total
    │                0    Notebook Gamer  Eletrônicos           3   1500  2...
    └ <function carregar_dados at 0x0000020753072660>

  File "C:\Users\mavin\jornada\aula09_bootcamp\utills.py", line 24, in wrapper
    result = func(*args, **kwargs)
             │     │       └ {}
             │     └ (            Produto    Categoria  Quantidade  Venda        Data  Total
             │       0    Notebook Gamer  Eletrônicos           3   1500  ...
             └ <function carregar_dados at 0x000002075305B4C0>

  File "C:\Users\mavin\jornada\aula09_bootcamp\etl.py", line 29, in carregar_dados
    df.to_parquet("dados.parquet", index=False)
    │  └ <function DataFrame.to_parquet at 0x0000020751AD47C0>
    └             Produto    Categoria  Quantidade  Venda        Data  Total
      0    Notebook Gamer  Eletrônicos           3   1500  2...

  File "C:\Users\mavin\jornada\aula09_bootcamp\.venv\Lib\site-packages\pandas\util\_decorators.py", line 333, in wrapper
    return func(*args, **kwargs)
           │     │       └ {'index': False}
           │     └ (            Produto    Categoria  Quantidade  Venda        Data  Total
           │       0    Notebook Gamer  Eletrônicos           3   1500  ...
           └ <function DataFrame.to_parquet at 0x0000020751AD4680>
  File "C:\Users\mavin\jornada\aula09_bootcamp\.venv\Lib\site-packages\pandas\core\frame.py", line 3113, in to_parquet
    return to_parquet(
           └ <function to_parquet at 0x0000020751D4C720>
  File "C:\Users\mavin\jornada\aula09_bootcamp\.venv\Lib\site-packages\pandas\io\parquet.py", line 476, in to_parquet
    impl = get_engine(engine)
           │          └ 'auto'
           └ <function get_engine at 0x0000020751D25800>
  File "C:\Users\mavin\jornada\aula09_bootcamp\.venv\Lib\site-packages\pandas\io\parquet.py", line 67, in get_engine
    raise ImportError(

ImportError: Unable to find a usable engine; tried using: 'pyarrow', 'fastparquet'.
A suitable version of pyarrow or fastparquet is required for parquet support.
Trying to import the above resulted in these errors:
 - Missing optional dependency 'pyarrow'. pyarrow is required for parquet support. Use pip or conda to install pyarrow.
 - Missing optional dependency 'fastparquet'. fastparquet is required for parquet support. Use pip or conda to install fastparquet.
